<?xml version="1.0" encoding="UTF-8"?>
<!-- Generated by org.testng.reporters.JUnitXMLReporter -->
<testsuite hostname="Jamess-MacBook-Pro-2.local" ignored="8" name="Default test" tests="11" failures="0" timestamp="20 Jul 2017 18:45:52 GMT" time="176.948" errors="0">
  <testcase name="CheckMenuOptionsForExceptions" time="13.973" classname="Tests.LandingPageTests"/>
  <testcase name="EnterLocationOrPayToParkCodeTest" time="14.945" classname="Tests.LandingPageTests"/>
  <testcase name="LandingPageScrollTest" time="20.546" classname="Tests.LandingPageTests"/>
  <testcase name="checkLandingPageForExceptions" time="6.77" classname="Tests.LandingPageTests"/>
  <testcase name="CloseHelpTest" time="5.147" classname="Tests.HelpPageTests"/>
  <testcase name="HelpNavTest" time="29.602" classname="Tests.HelpPageTests"/>
  <testcase name="FavoritesTest" time="9.728" classname="Tests.FavoritesPageTests"/>
  <testcase name="FAQNavTest" time="18.071" classname="Tests.FAQPageTests"/>
  <testcase name="CheckBugForExceptions" time="7.358" classname="Tests.SendBugReportPageTests"/>
  <testcase name="EmptyBugTest" time="24.178" classname="Tests.SendBugReportPageTests"/>
  <testcase name="NotEmptyBugTest" time="26.34" classname="Tests.SendBugReportPageTests"/>
  <testcase name="@AfterSuite tearDownAppium" time="0.0" classname="Tests.AbstractBaseTests.TestBase">
    <ignored/>
  </testcase> <!-- @AfterSuite tearDownAppium -->
  <testcase name="@AfterSuite tearDownAppium" time="0.0" classname="Tests.AbstractBaseTests.TestBase">
    <ignored/>
  </testcase> <!-- @AfterSuite tearDownAppium -->
  <testcase name="@AfterSuite tearDownAppium" time="0.0" classname="Tests.AbstractBaseTests.TestBase">
    <ignored/>
  </testcase> <!-- @AfterSuite tearDownAppium -->
  <testcase name="@AfterSuite tearDownAppium" time="0.0" classname="Tests.AbstractBaseTests.TestBase">
    <ignored/>
  </testcase> <!-- @AfterSuite tearDownAppium -->
  <testcase name="@BeforeSuite initAppium" time="0.0" classname="Tests.AbstractBaseTests.TestBase">
    <ignored/>
  </testcase> <!-- @BeforeSuite initAppium -->
  <testcase name="@BeforeSuite initAppium" time="0.0" classname="Tests.AbstractBaseTests.TestBase">
    <ignored/>
  </testcase> <!-- @BeforeSuite initAppium -->
  <testcase name="@BeforeSuite initAppium" time="0.0" classname="Tests.AbstractBaseTests.TestBase">
    <ignored/>
  </testcase> <!-- @BeforeSuite initAppium -->
  <testcase name="@BeforeSuite initAppium" time="0.0" classname="Tests.AbstractBaseTests.TestBase">
    <ignored/>
  </testcase> <!-- @BeforeSuite initAppium -->
</testsuite> <!-- Default test -->
