<?xml version="1.0" encoding="UTF-8"?>
<!-- Generated by org.testng.reporters.JUnitXMLReporter -->
<testsuite hostname="Jamess-MacBook-Pro-2.local" ignored="0" name="Default test" tests="1" failures="0" timestamp="11 Jul 2017 19:50:23 GMT" time="0.034" errors="0">
  <testcase name="@BeforeSuite initAppium" time="0.0" classname="Tests.AbstractBaseTests.TestBase">
    <failure type="org.openqa.selenium.SessionNotCreatedException" message="Unable to create new remote session. desired capabilities = Capabilities [{app=/Users/jameskoch/Downloads/ParkRight-staging.apk, appPackage=com.passportparking.mobile, platformName=Android, deviceName=Emulator3}], required capabilities = Capabilities [{}]
Build info: version: &amp;apos;3.2.0&amp;apos;, revision: &amp;apos;8c03df6b79&amp;apos;, time: &amp;apos;2017-02-23 10:51:31 +0000&amp;apos;
System info: host: &amp;apos;Jamess-MacBook-Pro-2.local&amp;apos;, ip: &amp;apos;fe80:0:0:0:aebc:32ff:fe94:89ed%en0&amp;apos;, os.name: &amp;apos;Mac OS X&amp;apos;, os.arch: &amp;apos;x86_64&amp;apos;, os.version: &amp;apos;10.10.5&amp;apos;, java.version: &amp;apos;1.8.0_60&amp;apos;
Driver info: driver.version: AppiumDriver">
      <![CDATA[org.openqa.selenium.SessionNotCreatedException: Unable to create new remote session. desired capabilities = Capabilities [{app=/Users/jameskoch/Downloads/ParkRight-staging.apk, appPackage=com.passportparking.mobile, platformName=Android, deviceName=Emulator3}], required capabilities = Capabilities [{}]
Build info: version: '3.2.0', revision: '8c03df6b79', time: '2017-02-23 10:51:31 +0000'
System info: host: 'Jamess-MacBook-Pro-2.local', ip: 'fe80:0:0:0:aebc:32ff:fe94:89ed%en0', os.name: 'Mac OS X', os.arch: 'x86_64', os.version: '10.10.5', java.version: '1.8.0_60'
Driver info: driver.version: AppiumDriver
	at io.appium.java_client.remote.AppiumProtocolHandShake.lambda$1(AppiumProtocolHandShake.java:96)
	at java.util.Optional.orElseThrow(Optional.java:290)
	at io.appium.java_client.remote.AppiumProtocolHandShake.createSession(AppiumProtocolHandShake.java:96)
	at io.appium.java_client.remote.AppiumCommandExecutor.doExecute(AppiumCommandExecutor.java:111)
	at io.appium.java_client.remote.AppiumCommandExecutor.execute(AppiumCommandExecutor.java:162)
	at org.openqa.selenium.remote.RemoteWebDriver.execute(RemoteWebDriver.java:604)
	at io.appium.java_client.DefaultGenericMobileDriver.execute(DefaultGenericMobileDriver.java:42)
	at io.appium.java_client.AppiumDriver.execute(AppiumDriver.java:1)
	at org.openqa.selenium.remote.RemoteWebDriver.startSession(RemoteWebDriver.java:244)
	at org.openqa.selenium.remote.RemoteWebDriver.<init>(RemoteWebDriver.java:131)
	at org.openqa.selenium.remote.RemoteWebDriver.<init>(RemoteWebDriver.java:144)
	at io.appium.java_client.DefaultGenericMobileDriver.<init>(DefaultGenericMobileDriver.java:38)
	at io.appium.java_client.AppiumDriver.<init>(AppiumDriver.java:88)
	at io.appium.java_client.AppiumDriver.<init>(AppiumDriver.java:112)
	at Tests.AbstractBaseTests.TestBase.initAppium(TestBase.java:62)
	at sun.reflect.NativeMethodAccessorImpl.invoke0(Native Method)
	at sun.reflect.NativeMethodAccessorImpl.invoke(NativeMethodAccessorImpl.java:62)
	at sun.reflect.DelegatingMethodAccessorImpl.invoke(DelegatingMethodAccessorImpl.java:43)
	at java.lang.reflect.Method.invoke(Method.java:497)
	at org.testng.internal.MethodInvocationHelper.invokeMethod(MethodInvocationHelper.java:104)
	at org.testng.internal.Invoker.invokeConfigurationMethod(Invoker.java:515)
	at org.testng.internal.Invoker.invokeConfigurations(Invoker.java:217)
	at org.testng.internal.Invoker.invokeConfigurations(Invoker.java:144)
	at org.testng.SuiteRunner.privateRun(SuiteRunner.java:326)
	at org.testng.SuiteRunner.run(SuiteRunner.java:289)
	at org.testng.SuiteRunnerWorker.runSuite(SuiteRunnerWorker.java:52)
	at org.testng.SuiteRunnerWorker.run(SuiteRunnerWorker.java:86)
	at org.testng.TestNG.runSuitesSequentially(TestNG.java:1293)
	at org.testng.TestNG.runSuitesLocally(TestNG.java:1218)
	at org.testng.TestNG.runSuites(TestNG.java:1133)
	at org.testng.TestNG.run(TestNG.java:1104)
	at org.testng.remote.AbstractRemoteTestNG.run(AbstractRemoteTestNG.java:132)
	at org.testng.remote.RemoteTestNG.initAndRun(RemoteTestNG.java:230)
	at org.testng.remote.RemoteTestNG.main(RemoteTestNG.java:76)
]]>
    </failure>
  </testcase> <!-- @BeforeSuite initAppium -->
  <testcase name="@BeforeTest setUpPage" time="0.0" classname="Tests.ActiveSessionPageTests">
    <skipped/>
  </testcase> <!-- @BeforeTest setUpPage -->
  <testcase name="@AfterClass restartApp" time="0.0" classname="Tests.AbstractBaseTests.TestBase">
    <skipped/>
  </testcase> <!-- @AfterClass restartApp -->
  <testcase name="NonDieselOlderThan2015Test" time="0.001" classname="Tests.ActiveSessionPageTests">
    <skipped/>
  </testcase> <!-- NonDieselOlderThan2015Test -->
</testsuite> <!-- Default test -->
