<?xml version="1.0" encoding="UTF-8"?>
<!-- Generated by org.testng.reporters.JUnitXMLReporter -->
<testsuite hostname="Jamess-MacBook-Pro-2.local" ignored="16" name="ParkRight Test Automation" tests="19" failures="0" timestamp="21 Jul 2017 20:55:30 GMT" time="751.529" errors="0">
  <testcase name="CheckMenuOptionsForExceptions" time="14.828" classname="Tests.LandingPageTests"/>
  <testcase name="EnterLocationOrPayToParkCodeTest" time="15.135" classname="Tests.LandingPageTests"/>
  <testcase name="LandingPageScrollTest" time="20.094" classname="Tests.LandingPageTests"/>
  <testcase name="checkLandingPageForExceptions" time="7.047" classname="Tests.LandingPageTests"/>
  <testcase name="CloseHelpTest" time="7.901" classname="Tests.HelpPageTests"/>
  <testcase name="HelpNavTest" time="28.76" classname="Tests.HelpPageTests"/>
  <testcase name="FavoritesTest" time="6.337" classname="Tests.FavoritesPageTests"/>
  <testcase name="FAQNavTest" time="18.092" classname="Tests.FAQPageTests"/>
  <testcase name="CheckBugForExceptions" time="6.689" classname="Tests.SendBugReportPageTests"/>
  <testcase name="EmptyBugTest" time="25.857" classname="Tests.SendBugReportPageTests"/>
  <testcase name="NotEmptyBugTest" time="28.076" classname="Tests.SendBugReportPageTests"/>
  <testcase name="CheckSigninPageForExceptions" time="17.127" classname="Tests.SignUpPageTests"/>
  <testcase name="DeclineAndAcceptTermsTest" time="32.276" classname="Tests.SignUpPageTests"/>
  <testcase name="CheckMobileVerPageForExceptions" time="113.439" classname="Tests.MobileVerPageTests"/>
  <testcase name="InputTests" time="85.104" classname="Tests.MobileVerPageTests"/>
  <testcase name="NavBackandBlankInputkTests" time="137.385" classname="Tests.CodeVerificationPageTests"/>
  <testcase name="ValidInputTests" time="81.073" classname="Tests.CodeVerificationPageTests"/>
  <testcase name="CheckSecureLoginForExceptions" time="40.371" classname="Tests.PINPageTests"/>
  <testcase name="SendDataTests" time="65.575" classname="Tests.PINPageTests"/>
  <testcase name="@AfterSuite tearDownAppium" time="0.0" classname="Tests.AbstractBaseTests.TestBase">
    <ignored/>
  </testcase> <!-- @AfterSuite tearDownAppium -->
  <testcase name="@AfterSuite tearDownAppium" time="0.0" classname="Tests.AbstractBaseTests.TestBase">
    <ignored/>
  </testcase> <!-- @AfterSuite tearDownAppium -->
  <testcase name="@AfterSuite tearDownAppium" time="0.0" classname="Tests.AbstractBaseTests.TestBase">
    <ignored/>
  </testcase> <!-- @AfterSuite tearDownAppium -->
  <testcase name="@AfterSuite tearDownAppium" time="0.0" classname="Tests.AbstractBaseTests.TestBase">
    <ignored/>
  </testcase> <!-- @AfterSuite tearDownAppium -->
  <testcase name="@AfterSuite tearDownAppium" time="0.0" classname="Tests.AbstractBaseTests.TestBase">
    <ignored/>
  </testcase> <!-- @AfterSuite tearDownAppium -->
  <testcase name="@AfterSuite tearDownAppium" time="0.0" classname="Tests.AbstractBaseTests.TestBase">
    <ignored/>
  </testcase> <!-- @AfterSuite tearDownAppium -->
  <testcase name="@AfterSuite tearDownAppium" time="0.0" classname="Tests.AbstractBaseTests.TestBase">
    <ignored/>
  </testcase> <!-- @AfterSuite tearDownAppium -->
  <testcase name="@AfterSuite tearDownAppium" time="0.0" classname="Tests.AbstractBaseTests.TestBase">
    <ignored/>
  </testcase> <!-- @AfterSuite tearDownAppium -->
  <testcase name="@BeforeSuite initAppium" time="0.0" classname="Tests.AbstractBaseTests.TestBase">
    <ignored/>
  </testcase> <!-- @BeforeSuite initAppium -->
  <testcase name="@BeforeSuite initAppium" time="0.0" classname="Tests.AbstractBaseTests.TestBase">
    <ignored/>
  </testcase> <!-- @BeforeSuite initAppium -->
  <testcase name="@BeforeSuite initAppium" time="0.0" classname="Tests.AbstractBaseTests.TestBase">
    <ignored/>
  </testcase> <!-- @BeforeSuite initAppium -->
  <testcase name="@BeforeSuite initAppium" time="0.0" classname="Tests.AbstractBaseTests.TestBase">
    <ignored/>
  </testcase> <!-- @BeforeSuite initAppium -->
  <testcase name="@BeforeSuite initAppium" time="0.0" classname="Tests.AbstractBaseTests.TestBase">
    <ignored/>
  </testcase> <!-- @BeforeSuite initAppium -->
  <testcase name="@BeforeSuite initAppium" time="0.0" classname="Tests.AbstractBaseTests.TestBase">
    <ignored/>
  </testcase> <!-- @BeforeSuite initAppium -->
  <testcase name="@BeforeSuite initAppium" time="0.0" classname="Tests.AbstractBaseTests.TestBase">
    <ignored/>
  </testcase> <!-- @BeforeSuite initAppium -->
  <testcase name="@BeforeSuite initAppium" time="0.0" classname="Tests.AbstractBaseTests.TestBase">
    <ignored/>
  </testcase> <!-- @BeforeSuite initAppium -->
</testsuite> <!-- ParkRight Test Automation -->
