<?xml version="1.0" encoding="UTF-8"?>
<!-- Generated by org.testng.reporters.JUnitXMLReporter -->
<testsuite hostname="Jamess-MacBook-Pro-2.local" ignored="14" name="ParkRight Test Automation" tests="17" failures="0" timestamp="21 Jul 2017 17:02:50 GMT" time="563.306" errors="0">
  <testcase name="CheckMenuOptionsForExceptions" time="12.967" classname="Tests.LandingPageTests"/>
  <testcase name="EnterLocationOrPayToParkCodeTest" time="14.96" classname="Tests.LandingPageTests"/>
  <testcase name="LandingPageScrollTest" time="17.908" classname="Tests.LandingPageTests"/>
  <testcase name="checkLandingPageForExceptions" time="6.787" classname="Tests.LandingPageTests"/>
  <testcase name="CloseHelpTest" time="3.391" classname="Tests.HelpPageTests"/>
  <testcase name="HelpNavTest" time="27.945" classname="Tests.HelpPageTests"/>
  <testcase name="FavoritesTest" time="7.302" classname="Tests.FavoritesPageTests"/>
  <testcase name="FAQNavTest" time="20.298" classname="Tests.FAQPageTests"/>
  <testcase name="CheckBugForExceptions" time="9.665" classname="Tests.SendBugReportPageTests"/>
  <testcase name="EmptyBugTest" time="25.087" classname="Tests.SendBugReportPageTests"/>
  <testcase name="NotEmptyBugTest" time="26.636" classname="Tests.SendBugReportPageTests"/>
  <testcase name="CheckSigninPageForExceptions" time="16.848" classname="Tests.SignUpPageTests"/>
  <testcase name="DeclineAndAcceptTermsTest" time="30.652" classname="Tests.SignUpPageTests"/>
  <testcase name="CheckMobileVerPageForExceptions" time="48.039" classname="Tests.MobileVerPageTests"/>
  <testcase name="InputTests" time="87.154" classname="Tests.MobileVerPageTests"/>
  <testcase name="NavBackandBlankInputkTests" time="134.47" classname="Tests.CodeVerificationPageTests"/>
  <testcase name="ValidInputTests" time="72.829" classname="Tests.CodeVerificationPageTests"/>
  <testcase name="@AfterSuite tearDownAppium" time="0.0" classname="Tests.AbstractBaseTests.TestBase">
    <ignored/>
  </testcase> <!-- @AfterSuite tearDownAppium -->
  <testcase name="@AfterSuite tearDownAppium" time="0.0" classname="Tests.AbstractBaseTests.TestBase">
    <ignored/>
  </testcase> <!-- @AfterSuite tearDownAppium -->
  <testcase name="@AfterSuite tearDownAppium" time="0.0" classname="Tests.AbstractBaseTests.TestBase">
    <ignored/>
  </testcase> <!-- @AfterSuite tearDownAppium -->
  <testcase name="@AfterSuite tearDownAppium" time="0.0" classname="Tests.AbstractBaseTests.TestBase">
    <ignored/>
  </testcase> <!-- @AfterSuite tearDownAppium -->
  <testcase name="@AfterSuite tearDownAppium" time="0.0" classname="Tests.AbstractBaseTests.TestBase">
    <ignored/>
  </testcase> <!-- @AfterSuite tearDownAppium -->
  <testcase name="@AfterSuite tearDownAppium" time="0.0" classname="Tests.AbstractBaseTests.TestBase">
    <ignored/>
  </testcase> <!-- @AfterSuite tearDownAppium -->
  <testcase name="@AfterSuite tearDownAppium" time="0.0" classname="Tests.AbstractBaseTests.TestBase">
    <ignored/>
  </testcase> <!-- @AfterSuite tearDownAppium -->
  <testcase name="@BeforeSuite initAppium" time="0.0" classname="Tests.AbstractBaseTests.TestBase">
    <ignored/>
  </testcase> <!-- @BeforeSuite initAppium -->
  <testcase name="@BeforeSuite initAppium" time="0.0" classname="Tests.AbstractBaseTests.TestBase">
    <ignored/>
  </testcase> <!-- @BeforeSuite initAppium -->
  <testcase name="@BeforeSuite initAppium" time="0.0" classname="Tests.AbstractBaseTests.TestBase">
    <ignored/>
  </testcase> <!-- @BeforeSuite initAppium -->
  <testcase name="@BeforeSuite initAppium" time="0.0" classname="Tests.AbstractBaseTests.TestBase">
    <ignored/>
  </testcase> <!-- @BeforeSuite initAppium -->
  <testcase name="@BeforeSuite initAppium" time="0.0" classname="Tests.AbstractBaseTests.TestBase">
    <ignored/>
  </testcase> <!-- @BeforeSuite initAppium -->
  <testcase name="@BeforeSuite initAppium" time="0.0" classname="Tests.AbstractBaseTests.TestBase">
    <ignored/>
  </testcase> <!-- @BeforeSuite initAppium -->
  <testcase name="@BeforeSuite initAppium" time="0.0" classname="Tests.AbstractBaseTests.TestBase">
    <ignored/>
  </testcase> <!-- @BeforeSuite initAppium -->
</testsuite> <!-- ParkRight Test Automation -->
